This file contains any messages produced by compilers while
running configure, to aid debugging if configure makes a mistake.

It was created by xbeach configure v18, which was
generated by GNU Autoconf 2.71.  Invocation command line was

  $ ./configure FC=/usr/bin/gfortran-6 CC=/usr/bin/gcc-6 CXX=/usr/bin/g++-6 'NETCDF_CFLAGS=-I/home/elizabeth/Downloads/netcdf-fortran-4.6.0/fortran -I/home/elizabeth/Downloads/netcdf-c-4.9.0/include' 'NETCDF_LIBS=-L/home/elizabeth/Downloads/netcdf-fortran-4.6.0/fortran -L/home/elizabeth/Downloads/netcdf-c-4.9.0' --prefix=/home/elizabeth/Desktop/intermodel/intermodel/xbeach/xbeach_src

## --------- ##
## Platform. ##
## --------- ##

hostname = elizabeth-HP-Folio-13-2000-Notebook-PC
uname -m = x86_64
uname -r = 5.15.0-52-generic
uname -s = Linux
uname -v = #58-Ubuntu SMP Thu Oct 13 08:03:55 UTC 2022

/usr/bin/uname -p = x86_64
/bin/uname -X     = unknown

/bin/arch              = x86_64
/usr/bin/arch -k       = unknown
/usr/convex/getsysinfo = unknown
/usr/bin/hostinfo      = unknown
/bin/machine           = unknown
/usr/bin/oslevel       = unknown
/bin/universe          = unknown

PATH: /usr/local/sbin/
PATH: /usr/local/bin/
PATH: /usr/sbin/
PATH: /usr/bin/
PATH: /sbin/
PATH: /bin/
PATH: /usr/games/
PATH: /usr/local/games/
PATH: /snap/bin/
PATH: /snap/bin/


## ----------- ##
## Core tests. ##
## ----------- ##

configure:2488: looking for aux files: missing install-sh compile config.guess config.sub ltmain.sh
configure:2501:  trying ./config/
configure:2530:   ./config/missing found
configure:2512:   ./config/install-sh found
configure:2530:   ./config/compile found
configure:2530:   ./config/config.guess found
configure:2530:   ./config/config.sub found
configure:2530:   ./config/ltmain.sh found
configure:2679: checking build system type
configure:2694: result: x86_64-pc-linux-gnu
configure:2714: checking host system type
configure:2728: result: x86_64-pc-linux-gnu
configure:2769: checking how to print strings
configure:2796: result: printf
configure:2882: checking for gcc
configure:2914: result: /usr/bin/gcc-6
configure:3267: checking for C compiler version
configure:3276: /usr/bin/gcc-6 --version >&5
gcc-6 (Ubuntu 6.4.0-17ubuntu1) 6.4.0 20180424
Copyright (C) 2017 Free Software Foundation, Inc.
This is free software; see the source for copying conditions.  There is NO
warranty; not even for MERCHANTABILITY or FITNESS FOR A PARTICULAR PURPOSE.

configure:3287: $? = 0
configure:3276: /usr/bin/gcc-6 -v >&5
Using built-in specs.
COLLECT_GCC=/usr/bin/gcc-6
COLLECT_LTO_WRAPPER=/usr/lib/gcc/x86_64-linux-gnu/6/lto-wrapper
Target: x86_64-linux-gnu
Configured with: ../src/configure -v --with-pkgversion='Ubuntu 6.4.0-17ubuntu1' --with-bugurl=file:///usr/share/doc/gcc-6/README.Bugs --enable-languages=c,ada,c++,go,d,fortran,objc,obj-c++ --prefix=/usr --with-as=/usr/bin/x86_64-linux-gnu-as --with-ld=/usr/bin/x86_64-linux-gnu-ld --program-suffix=-6 --program-prefix=x86_64-linux-gnu- --enable-shared --enable-linker-build-id --libexecdir=/usr/lib --without-included-gettext --enable-threads=posix --libdir=/usr/lib --enable-nls --with-sysroot=/ --enable-clocale=gnu --enable-libstdcxx-debug --enable-libstdcxx-time=yes --with-default-libstdcxx-abi=new --enable-gnu-unique-object --disable-vtable-verify --enable-libmpx --enable-plugin --enable-default-pie --with-system-zlib --with-target-system-zlib --enable-objc-gc=auto --enable-multiarch --disable-werror --with-arch-32=i686 --with-abi=m64 --with-multilib-list=m32,m64,mx32 --enable-multilib --with-tune=generic --enable-checking=release --build=x86_64-linux-gnu --host=x86_64-linux-gnu --target=x86_64-linux-gnu
Thread model: posix
gcc version 6.4.0 20180424 (Ubuntu 6.4.0-17ubuntu1) 
configure:3287: $? = 0
configure:3276: /usr/bin/gcc-6 -V >&5
gcc-6: error: unrecognized command line option '-V'
gcc-6: fatal error: no input files
compilation terminated.
configure:3287: $? = 1
configure:3276: /usr/bin/gcc-6 -qversion >&5
gcc-6: error: unrecognized command line option '-qversion'; did you mean '--version'?
gcc-6: fatal error: no input files
compilation terminated.
configure:3287: $? = 1
configure:3276: /usr/bin/gcc-6 -version >&5
gcc-6: error: unrecognized command line option '-version'
gcc-6: fatal error: no input files
compilation terminated.
configure:3287: $? = 1
configure:3307: checking whether the C compiler works
configure:3329: /usr/bin/gcc-6    conftest.c  >&5
configure:3333: $? = 0
configure:3383: result: yes
configure:3386: checking for C compiler default output file name
configure:3388: result: a.out
configure:3394: checking for suffix of executables
configure:3401: /usr/bin/gcc-6 -o conftest    conftest.c  >&5
configure:3405: $? = 0
configure:3428: result: 
configure:3450: checking whether we are cross compiling
configure:3458: /usr/bin/gcc-6 -o conftest    conftest.c  >&5
configure:3462: $? = 0
configure:3469: ./conftest
configure:3473: $? = 0
configure:3488: result: no
configure:3493: checking for suffix of object files
configure:3516: /usr/bin/gcc-6 -c   conftest.c >&5
configure:3520: $? = 0
configure:3542: result: o
configure:3546: checking whether the compiler supports GNU C
configure:3566: /usr/bin/gcc-6 -c   conftest.c >&5
configure:3566: $? = 0
configure:3576: result: yes
configure:3587: checking whether /usr/bin/gcc-6 accepts -g
configure:3608: /usr/bin/gcc-6 -c -g  conftest.c >&5
configure:3608: $? = 0
configure:3652: result: yes
configure:3672: checking for /usr/bin/gcc-6 option to enable C11 features
configure:3687: /usr/bin/gcc-6  -c -g -O2  conftest.c >&5
configure:3687: $? = 0
configure:3705: result: none needed
configure:3821: checking whether /usr/bin/gcc-6 understands -c and -o together
configure:3844: /usr/bin/gcc-6 -c conftest.c -o conftest2.o
configure:3847: $? = 0
configure:3844: /usr/bin/gcc-6 -c conftest.c -o conftest2.o
configure:3847: $? = 0
configure:3859: result: yes
configure:3876: checking for a sed that does not truncate output
configure:3946: result: /usr/bin/sed
configure:3964: checking for grep that handles long lines and -e
configure:4028: result: /usr/bin/grep
configure:4033: checking for egrep
configure:4101: result: /usr/bin/grep -E
configure:4106: checking for fgrep
configure:4174: result: /usr/bin/grep -F
configure:4210: checking for ld used by /usr/bin/gcc-6
configure:4278: result: /usr/bin/x86_64-linux-gnu-ld
configure:4285: checking if the linker (/usr/bin/x86_64-linux-gnu-ld) is GNU ld
configure:4301: result: yes
configure:4313: checking for BSD- or MS-compatible name lister (nm)
configure:4368: result: /usr/bin/nm -B
configure:4508: checking the name lister (/usr/bin/nm -B) interface
configure:4516: /usr/bin/gcc-6 -c -g -O2  conftest.c >&5
configure:4519: /usr/bin/nm -B "conftest.o"
configure:4522: output
0000000000000000 B some_variable
configure:4529: result: BSD nm
configure:4532: checking whether ln -s works
configure:4536: result: yes
configure:4544: checking the maximum length of command line arguments
configure:4676: result: 1572864
configure:4724: checking how to convert x86_64-pc-linux-gnu file names to x86_64-pc-linux-gnu format
configure:4765: result: func_convert_file_noop
configure:4772: checking how to convert x86_64-pc-linux-gnu file names to toolchain format
configure:4793: result: func_convert_file_noop
configure:4800: checking for /usr/bin/x86_64-linux-gnu-ld option to reload object files
configure:4808: result: -r
configure:4887: checking for objdump
configure:4908: found /usr/bin/objdump
configure:4919: result: objdump
configure:4951: checking how to recognize dependent libraries
configure:5152: result: pass_all
configure:5242: checking for dlltool
configure:5277: result: no
configure:5307: checking how to associate runtime and link libraries
configure:5335: result: printf %s\n
configure:5401: checking for ar
configure:5422: found /usr/bin/ar
configure:5433: result: ar
configure:5470: checking for archiver @FILE support
configure:5488: /usr/bin/gcc-6 -c -g -O2  conftest.c >&5
configure:5488: $? = 0
configure:5492: ar cr libconftest.a @conftest.lst >&5
configure:5495: $? = 0
configure:5500: ar cr libconftest.a @conftest.lst >&5
ar: conftest.o: No such file or directory
configure:5503: $? = 1
configure:5515: result: @
configure:5578: checking for strip
configure:5599: found /usr/bin/strip
configure:5610: result: strip
configure:5687: checking for ranlib
configure:5708: found /usr/bin/ranlib
configure:5719: result: ranlib
configure:5796: checking for gawk
configure:5817: found /usr/bin/gawk
configure:5828: result: gawk
configure:5868: checking command to parse /usr/bin/nm -B output from /usr/bin/gcc-6 object
configure:6022: /usr/bin/gcc-6 -c -g -O2  conftest.c >&5
configure:6025: $? = 0
configure:6029: /usr/bin/nm -B conftest.o | sed -n -e 's/^.*[	 ]\([ABCDGIRSTW][ABCDGIRSTW]*\)[	 ][	 ]*\([_A-Za-z][_A-Za-z0-9]*\)$/\1 \2 \2/p' | sed '/ __gnu_lto/d' > conftest.nm
configure:6095: /usr/bin/gcc-6 -o conftest -g -O2   conftest.c conftstm.o >&5
configure:6098: $? = 0
configure:6136: result: ok
configure:6183: checking for sysroot
configure:6214: result: no
configure:6221: checking for a working dd
configure:6265: result: /usr/bin/dd
configure:6269: checking how to truncate binary pipes
configure:6285: result: /usr/bin/dd bs=4096 count=1
configure:6422: /usr/bin/gcc-6 -c -g -O2  conftest.c >&5
configure:6425: $? = 0
configure:6622: checking for mt
configure:6643: found /usr/bin/mt
configure:6654: result: mt
configure:6677: checking if mt is a manifest tool
configure:6684: mt '-?'
configure:6692: result: no
configure:7422: checking for stdio.h
configure:7422: /usr/bin/gcc-6 -c -g -O2  conftest.c >&5
configure:7422: $? = 0
configure:7422: result: yes
configure:7422: checking for stdlib.h
configure:7422: /usr/bin/gcc-6 -c -g -O2  conftest.c >&5
configure:7422: $? = 0
configure:7422: result: yes
configure:7422: checking for string.h
configure:7422: /usr/bin/gcc-6 -c -g -O2  conftest.c >&5
configure:7422: $? = 0
configure:7422: result: yes
configure:7422: checking for inttypes.h
configure:7422: /usr/bin/gcc-6 -c -g -O2  conftest.c >&5
configure:7422: $? = 0
configure:7422: result: yes
configure:7422: checking for stdint.h
configure:7422: /usr/bin/gcc-6 -c -g -O2  conftest.c >&5
configure:7422: $? = 0
configure:7422: result: yes
configure:7422: checking for strings.h
configure:7422: /usr/bin/gcc-6 -c -g -O2  conftest.c >&5
configure:7422: $? = 0
configure:7422: result: yes
configure:7422: checking for sys/stat.h
configure:7422: /usr/bin/gcc-6 -c -g -O2  conftest.c >&5
configure:7422: $? = 0
configure:7422: result: yes
configure:7422: checking for sys/types.h
configure:7422: /usr/bin/gcc-6 -c -g -O2  conftest.c >&5
configure:7422: $? = 0
configure:7422: result: yes
configure:7422: checking for unistd.h
configure:7422: /usr/bin/gcc-6 -c -g -O2  conftest.c >&5
configure:7422: $? = 0
configure:7422: result: yes
configure:7447: checking for dlfcn.h
configure:7447: /usr/bin/gcc-6 -c -g -O2  conftest.c >&5
configure:7447: $? = 0
configure:7447: result: yes
configure:7706: checking for objdir
configure:7722: result: .libs
configure:7986: checking if /usr/bin/gcc-6 supports -fno-rtti -fno-exceptions
configure:8005: /usr/bin/gcc-6 -c -g -O2  -fno-rtti -fno-exceptions conftest.c >&5
cc1: warning: command line option '-fno-rtti' is valid for C++/ObjC++ but not for C
configure:8009: $? = 0
configure:8022: result: no
configure:8386: checking for /usr/bin/gcc-6 option to produce PIC
configure:8394: result: -fPIC -DPIC
configure:8402: checking if /usr/bin/gcc-6 PIC flag -fPIC -DPIC works
configure:8421: /usr/bin/gcc-6 -c -g -O2  -fPIC -DPIC -DPIC conftest.c >&5
configure:8425: $? = 0
configure:8438: result: yes
configure:8467: checking if /usr/bin/gcc-6 static flag -static works
configure:8496: result: yes
configure:8511: checking if /usr/bin/gcc-6 supports -c -o file.o
configure:8533: /usr/bin/gcc-6 -c -g -O2  -o out/conftest2.o conftest.c >&5
configure:8537: $? = 0
configure:8559: result: yes
configure:8567: checking if /usr/bin/gcc-6 supports -c -o file.o
configure:8615: result: yes
configure:8648: checking whether the /usr/bin/gcc-6 linker (/usr/bin/x86_64-linux-gnu-ld -m elf_x86_64) supports shared libraries
configure:9918: result: yes
configure:9955: checking whether -lc should be explicitly linked in
configure:9964: /usr/bin/gcc-6 -c -g -O2  conftest.c >&5
configure:9967: $? = 0
configure:9982: /usr/bin/gcc-6 -shared  -fPIC -DPIC conftest.o  -v -Wl,-soname -Wl,conftest -o conftest 2\>\&1 \| /usr/bin/grep  -lc  \>/dev/null 2\>\&1
configure:9985: $? = 0
configure:9999: result: no
configure:10159: checking dynamic linker characteristics
configure:10741: /usr/bin/gcc-6 -o conftest -g -O2   -Wl,-rpath -Wl,/foo conftest.c  >&5
configure:10741: $? = 0
configure:10992: result: GNU/Linux ld.so
configure:11114: checking how to hardcode library paths into programs
configure:11139: result: immediate
configure:11691: checking whether stripping libraries is possible
configure:11696: result: yes
configure:11731: checking if libtool supports shared libraries
configure:11733: result: yes
configure:11736: checking whether to build shared libraries
configure:11761: result: yes
configure:11764: checking whether to build static libraries
configure:11768: result: yes
configure:11822: checking for a BSD-compatible install
configure:11895: result: /usr/bin/install -c
configure:11906: checking whether build environment is sane
configure:11961: result: yes
configure:12116: checking for a race-free mkdir -p
configure:12160: result: /usr/bin/mkdir -p
configure:12163: checking whether make sets $(MAKE)
configure:12186: result: yes
configure:12208: checking whether make supports the include directive
configure:12223: make -f confmf.GNU && cat confinc.out
this is the am__doit target
configure:12226: $? = 0
configure:12245: result: yes (GNU style)
configure:12280: checking whether make supports nested variables
configure:12298: result: yes
configure:12379: checking dependency style of /usr/bin/gcc-6
configure:12491: result: none
configure:12575: checking whether make supports nested variables
configure:12593: result: yes
configure:12735: checking for Fortran compiler version
configure:12744: /usr/bin/gfortran-6 --version >&5
GNU Fortran (Ubuntu 6.4.0-17ubuntu1) 6.4.0 20180424
Copyright (C) 2017 Free Software Foundation, Inc.
This is free software; see the source for copying conditions.  There is NO
warranty; not even for MERCHANTABILITY or FITNESS FOR A PARTICULAR PURPOSE.

configure:12755: $? = 0
configure:12744: /usr/bin/gfortran-6 -v >&5
Using built-in specs.
COLLECT_GCC=/usr/bin/gfortran-6
COLLECT_LTO_WRAPPER=/usr/lib/gcc/x86_64-linux-gnu/6/lto-wrapper
Target: x86_64-linux-gnu
Configured with: ../src/configure -v --with-pkgversion='Ubuntu 6.4.0-17ubuntu1' --with-bugurl=file:///usr/share/doc/gcc-6/README.Bugs --enable-languages=c,ada,c++,go,d,fortran,objc,obj-c++ --prefix=/usr --with-as=/usr/bin/x86_64-linux-gnu-as --with-ld=/usr/bin/x86_64-linux-gnu-ld --program-suffix=-6 --program-prefix=x86_64-linux-gnu- --enable-shared --enable-linker-build-id --libexecdir=/usr/lib --without-included-gettext --enable-threads=posix --libdir=/usr/lib --enable-nls --with-sysroot=/ --enable-clocale=gnu --enable-libstdcxx-debug --enable-libstdcxx-time=yes --with-default-libstdcxx-abi=new --enable-gnu-unique-object --disable-vtable-verify --enable-libmpx --enable-plugin --enable-default-pie --with-system-zlib --with-target-system-zlib --enable-objc-gc=auto --enable-multiarch --disable-werror --with-arch-32=i686 --with-abi=m64 --with-multilib-list=m32,m64,mx32 --enable-multilib --with-tune=generic --enable-checking=release --build=x86_64-linux-gnu --host=x86_64-linux-gnu --target=x86_64-linux-gnu
Thread model: posix
gcc version 6.4.0 20180424 (Ubuntu 6.4.0-17ubuntu1) 
configure:12755: $? = 0
configure:12744: /usr/bin/gfortran-6 -V >&5
gfortran-6: error: unrecognized command line option '-V'
gfortran-6: fatal error: no input files
compilation terminated.
configure:12755: $? = 1
configure:12744: /usr/bin/gfortran-6 -qversion >&5
gfortran-6: error: unrecognized command line option '-qversion'; did you mean '--version'?
gfortran-6: fatal error: no input files
compilation terminated.
configure:12755: $? = 1
configure:12764: checking whether the compiler supports GNU Fortran
configure:12778: /usr/bin/gfortran-6 -c   conftest.F >&5
configure:12778: $? = 0
configure:12788: result: yes
configure:12796: checking whether /usr/bin/gfortran-6 accepts -g
configure:12808: /usr/bin/gfortran-6 -c -g  conftest.f >&5
configure:12808: $? = 0
configure:12817: result: yes
configure:12959: checking if libtool supports shared libraries
configure:12961: result: yes
configure:12964: checking whether to build shared libraries
configure:12988: result: yes
configure:12991: checking whether to build static libraries
configure:12995: result: yes
configure:13029: /usr/bin/gfortran-6 -c -g -O2  conftest.f >&5
configure:13032: $? = 0
configure:13516: checking for /usr/bin/gfortran-6 option to produce PIC
configure:13524: result: -fPIC
configure:13532: checking if /usr/bin/gfortran-6 PIC flag -fPIC works
configure:13551: /usr/bin/gfortran-6 -c -g -O2 -fPIC  conftest.f >&5
configure:13555: $? = 0
configure:13568: result: yes
configure:13591: checking if /usr/bin/gfortran-6 static flag -static works
configure:13620: result: yes
configure:13632: checking if /usr/bin/gfortran-6 supports -c -o file.o
configure:13654: /usr/bin/gfortran-6 -c -g -O2 -o out/conftest2.o  conftest.f >&5
configure:13658: $? = 0
configure:13680: result: yes
configure:13685: checking if /usr/bin/gfortran-6 supports -c -o file.o
configure:13733: result: yes
configure:13763: checking whether the /usr/bin/gfortran-6 linker (/usr/bin/x86_64-linux-gnu-ld -m elf_x86_64) supports shared libraries
configure:14982: result: yes
configure:15124: checking dynamic linker characteristics
configure:15878: result: GNU/Linux ld.so
configure:15943: checking how to hardcode library paths into programs
configure:15968: result: immediate
configure:16296: checking for Fortran flag needed to accept free-form source
configure:16316: /usr/bin/gfortran-6 -c -g -O2  conftest.f >&5
conftest.f:2:3:

   program freeform
   1
Error: Non-numeric character in statement label at (1)
conftest.f:2:3:

   program freeform
   1
Error: Unclassifiable statement at (1)
conftest.f:4:26:

        print *, 'Hello ', &
                          1
Error: Expected expression in PRINT statement at (1)
conftest.f:5:11:

           'world.'
           1
Error: Invalid character in name at (1)
configure:16316: $? = 1
configure: failed program was:
| 
|   program freeform
|        ! FIXME: how to best confuse non-freeform compilers?
|        print *, 'Hello ', &
|           'world.'
|        end
configure:16316: /usr/bin/gfortran-6 -c -g -O2 -ffree-form  conftest.f >&5
configure:16316: $? = 0
configure:16326: result: -ffree-form
configure:16351: checking for Fortran flag needed to accept unlimited column source lines
configure:16372: /usr/bin/gfortran-6 -c -g -O2 -ffree-form  conftest.f >&5
conftest.f:2:132:

       subroutine longer_than_132(arg1,arg2,arg3,arg4,arg5,arg6,arg7,arg8,arg9,arg10,arg11,arg12,arg13,arg14,arg15,arg16,arg17,arg18,arg19)
                                                                                                                                    1
Error: Line truncated at (1) [-Werror=line-truncation]
conftest.f:2:132:

       subroutine longer_than_132(arg1,arg2,arg3,arg4,arg5,arg6,arg7,arg8,arg9,arg10,arg11,arg12,arg13,arg14,arg15,arg16,arg17,arg18,arg19)
                                                                                                                                    1
Error: Invalid character in name at (1)
conftest.f:3:9:

       end subroutine
         1
Error: Expecting END PROGRAM statement at (1)
f951: some warnings being treated as errors
configure:16372: $? = 1
configure: failed program was:
| 
|       subroutine longer_than_132(arg1,arg2,arg3,arg4,arg5,arg6,arg7,arg8,arg9,arg10,arg11,arg12,arg13,arg14,arg15,arg16,arg17,arg18,arg19)
|       end subroutine
configure:16372: /usr/bin/gfortran-6 -c -g -O2 -ffree-form -ffree-line-length-none  conftest.f >&5
configure:16372: $? = 0
configure:16382: result: -ffree-line-length-none
configure:16398: checking for isnan
configure:16415: /usr/bin/gfortran-6 -o conftest -g -O2 -ffree-form -ffree-line-length-none   conftest.f  >&5
configure:16415: $? = 0
configure:16418: result: yes
configure:16434: checking for IEEE_ARITHMETIC
configure:16452: /usr/bin/gfortran-6 -o conftest -g -O2 -ffree-form -ffree-line-length-none   conftest.f  >&5
configure:16452: $? = 0
configure:16455: result: yes
configure:16481: checking for pkg-config
configure:16504: found /usr/bin/pkg-config
configure:16516: result: /usr/bin/pkg-config
configure:16653: checking pkg-config is at least version 0.9.0
configure:16656: result: yes
configure:17045: checking that generated files are newer than configure
configure:17051: result: done
configure:17082: creating ./config.status

## ---------------------- ##
## Running config.status. ##
## ---------------------- ##

This file was extended by xbeach config.status v18, which was
generated by GNU Autoconf 2.71.  Invocation command line was

  CONFIG_FILES    = 
  CONFIG_HEADERS  = 
  CONFIG_LINKS    = 
  CONFIG_COMMANDS = 
  $ ./config.status 

on elizabeth-HP-Folio-13-2000-Notebook-PC

config.status:1163: creating Makefile
config.status:1163: creating src/Makefile
config.status:1163: creating src/xbeachlibrary/Makefile
config.status:1163: creating src/xbeach/Makefile
config.status:1163: creating config.h
config.status:1392: executing libtool commands
config.status:1392: executing depfiles commands

## ---------------- ##
## Cache variables. ##
## ---------------- ##

ac_cv_build=x86_64-pc-linux-gnu
ac_cv_c_compiler_gnu=yes
ac_cv_env_CC_set=set
ac_cv_env_CC_value=/usr/bin/gcc-6
ac_cv_env_CFLAGS_set=
ac_cv_env_CFLAGS_value=
ac_cv_env_CPPFLAGS_set=
ac_cv_env_CPPFLAGS_value=
ac_cv_env_FCFLAGS_set=
ac_cv_env_FCFLAGS_value=
ac_cv_env_FC_set=set
ac_cv_env_FC_value=/usr/bin/gfortran-6
ac_cv_env_LDFLAGS_set=
ac_cv_env_LDFLAGS_value=
ac_cv_env_LIBS_set=
ac_cv_env_LIBS_value=
ac_cv_env_LT_SYS_LIBRARY_PATH_set=
ac_cv_env_LT_SYS_LIBRARY_PATH_value=
ac_cv_env_MPIFC_set=
ac_cv_env_MPIFC_value=
ac_cv_env_NETCDF_CFLAGS_set=set
ac_cv_env_NETCDF_CFLAGS_value='-I/home/elizabeth/Downloads/netcdf-fortran-4.6.0/fortran -I/home/elizabeth/Downloads/netcdf-c-4.9.0/include'
ac_cv_env_NETCDF_FORTRAN_CFLAGS_set=
ac_cv_env_NETCDF_FORTRAN_CFLAGS_value=
ac_cv_env_NETCDF_FORTRAN_LIBS_set=
ac_cv_env_NETCDF_FORTRAN_LIBS_value=
ac_cv_env_NETCDF_LIBS_set=set
ac_cv_env_NETCDF_LIBS_value='-L/home/elizabeth/Downloads/netcdf-fortran-4.6.0/fortran -L/home/elizabeth/Downloads/netcdf-c-4.9.0'
ac_cv_env_PKG_CONFIG_LIBDIR_set=
ac_cv_env_PKG_CONFIG_LIBDIR_value=
ac_cv_env_PKG_CONFIG_PATH_set=
ac_cv_env_PKG_CONFIG_PATH_value=
ac_cv_env_PKG_CONFIG_set=
ac_cv_env_PKG_CONFIG_value=
ac_cv_env_build_alias_set=
ac_cv_env_build_alias_value=
ac_cv_env_host_alias_set=
ac_cv_env_host_alias_value=
ac_cv_env_target_alias_set=
ac_cv_env_target_alias_value=
ac_cv_fc_compiler_gnu=yes
ac_cv_fc_freeform=-ffree-form
ac_cv_fc_line_length=-ffree-line-length-none
ac_cv_header_dlfcn_h=yes
ac_cv_header_inttypes_h=yes
ac_cv_header_stdint_h=yes
ac_cv_header_stdio_h=yes
ac_cv_header_stdlib_h=yes
ac_cv_header_string_h=yes
ac_cv_header_strings_h=yes
ac_cv_header_sys_stat_h=yes
ac_cv_header_sys_types_h=yes
ac_cv_header_unistd_h=yes
ac_cv_host=x86_64-pc-linux-gnu
ac_cv_objext=o
ac_cv_path_EGREP='/usr/bin/grep -E'
ac_cv_path_FGREP='/usr/bin/grep -F'
ac_cv_path_GREP=/usr/bin/grep
ac_cv_path_PKG_CONFIG=/usr/bin/pkg-config
ac_cv_path_SED=/usr/bin/sed
ac_cv_path_install='/usr/bin/install -c'
ac_cv_path_lt_DD=/usr/bin/dd
ac_cv_path_mkdir=/usr/bin/mkdir
ac_cv_prog_AWK=gawk
ac_cv_prog_ac_ct_AR=ar
ac_cv_prog_ac_ct_CC=/usr/bin/gcc-6
ac_cv_prog_ac_ct_MANIFEST_TOOL=mt
ac_cv_prog_ac_ct_OBJDUMP=objdump
ac_cv_prog_ac_ct_RANLIB=ranlib
ac_cv_prog_ac_ct_STRIP=strip
ac_cv_prog_cc_c11=
ac_cv_prog_cc_g=yes
ac_cv_prog_cc_stdc=
ac_cv_prog_fc_g=yes
ac_cv_prog_make_make_set=yes
am_cv_CC_dependencies_compiler_type=none
am_cv_make_support_nested_variables=yes
am_cv_prog_cc_c_o=yes
lt_cv_ar_at_file=@
lt_cv_archive_cmds_need_lc=no
lt_cv_deplibs_check_method=pass_all
lt_cv_file_magic_cmd='$MAGIC_CMD'
lt_cv_file_magic_test_file=
lt_cv_ld_reload_flag=-r
lt_cv_nm_interface='BSD nm'
lt_cv_objdir=.libs
lt_cv_path_LD=/usr/bin/x86_64-linux-gnu-ld
lt_cv_path_NM='/usr/bin/nm -B'
lt_cv_path_mainfest_tool=no
lt_cv_prog_compiler_c_o=yes
lt_cv_prog_compiler_c_o_FC=yes
lt_cv_prog_compiler_pic='-fPIC -DPIC'
lt_cv_prog_compiler_pic_FC=-fPIC
lt_cv_prog_compiler_pic_works=yes
lt_cv_prog_compiler_pic_works_FC=yes
lt_cv_prog_compiler_rtti_exceptions=no
lt_cv_prog_compiler_static_works=yes
lt_cv_prog_compiler_static_works_FC=yes
lt_cv_prog_gnu_ld=yes
lt_cv_sharedlib_from_linklib_cmd='printf %s\n'
lt_cv_shlibpath_overrides_runpath=yes
lt_cv_sys_global_symbol_pipe='sed -n -e '\''s/^.*[	 ]\([ABCDGIRSTW][ABCDGIRSTW]*\)[	 ][	 ]*\([_A-Za-z][_A-Za-z0-9]*\)$/\1 \2 \2/p'\'' | sed '\''/ __gnu_lto/d'\'''
lt_cv_sys_global_symbol_to_c_name_address='sed -n -e '\''s/^: \(.*\) .*$/  {"\1", (void *) 0},/p'\'' -e '\''s/^[ABCDGIRSTW][ABCDGIRSTW]* .* \(.*\)$/  {"\1", (void *) \&\1},/p'\'''
lt_cv_sys_global_symbol_to_c_name_address_lib_prefix='sed -n -e '\''s/^: \(.*\) .*$/  {"\1", (void *) 0},/p'\'' -e '\''s/^[ABCDGIRSTW][ABCDGIRSTW]* .* \(lib.*\)$/  {"\1", (void *) \&\1},/p'\'' -e '\''s/^[ABCDGIRSTW][ABCDGIRSTW]* .* \(.*\)$/  {"lib\1", (void *) \&\1},/p'\'''
lt_cv_sys_global_symbol_to_cdecl='sed -n -e '\''s/^T .* \(.*\)$/extern int \1();/p'\'' -e '\''s/^[ABCDGIRSTW][ABCDGIRSTW]* .* \(.*\)$/extern char \1;/p'\'''
lt_cv_sys_global_symbol_to_import=
lt_cv_sys_max_cmd_len=1572864
lt_cv_to_host_file_cmd=func_convert_file_noop
lt_cv_to_tool_file_cmd=func_convert_file_noop
lt_cv_truncate_bin='/usr/bin/dd bs=4096 count=1'

## ----------------- ##
## Output variables. ##
## ----------------- ##

'
ACLOCAL='${SHELL} '\''/home/elizabeth/Desktop/intermodel/intermodel/xbeach/xbeach_src/config/missing'\'' aclocal-1.16'
AMDEPBACKSLASH='\'
AMDEP_FALSE='#'
AMDEP_TRUE=''
AMTAR='$${TAR-tar}'
AM_BACKSLASH='\'
AM_DEFAULT_V='$(AM_DEFAULT_VERBOSITY)'
AM_DEFAULT_VERBOSITY='0'
AM_V='$(V)'
AR='ar'
AUTOCONF='${SHELL} '\''/home/elizabeth/Desktop/intermodel/intermodel/xbeach/xbeach_src/config/missing'\'' autoconf'
AUTOHEADER='${SHELL} '\''/home/elizabeth/Desktop/intermodel/intermodel/xbeach/xbeach_src/config/missing'\'' autoheader'
AUTOMAKE='${SHELL} '\''/home/elizabeth/Desktop/intermodel/intermodel/xbeach/xbeach_src/config/missing'\'' automake-1.16'
AWK='gawk'
CC='/usr/bin/gcc-6'
CCDEPMODE='depmode=none'
CFLAGS='-g -O2'
CPPFLAGS=''
CSCOPE='cscope'
CTAGS='ctags'
CYGPATH_W='echo'
DEFS='-DHAVE_CONFIG_H'
DEPDIR='.deps'
DLLTOOL='false'
DSYMUTIL=''
DUMPBIN=''
ECHO_C=''
ECHO_N='-n'
ECHO_T=''
EGREP='/usr/bin/grep -E'
ETAGS='etags'
EXEEXT=''
FC='/usr/bin/gfortran-6'
FCFLAGS='-g -O2 -ffree-form -ffree-line-length-none'
FC_NOMPI='/usr/bin/gfortran-6'
FGREP='/usr/bin/grep -F'
GREP='/usr/bin/grep'
INSTALL_DATA='${INSTALL} -m 644'
INSTALL_PROGRAM='${INSTALL}'
INSTALL_SCRIPT='${INSTALL}'
INSTALL_STRIP_PROGRAM='$(install_sh) -c -s'
LD='/usr/bin/x86_64-linux-gnu-ld -m elf_x86_64'
LDFLAGS=''
LIBOBJS=''
LIBS=''
LIBTOOL='$(SHELL) $(top_builddir)/libtool'
LIPO=''
LN_S='ln -s'
LTLIBOBJS=''
LT_SYS_LIBRARY_PATH=''
MAKEDEPO='$(top_srcdir)/makedepo.py
MAKEINFO='${SHELL} '\''/home/elizabeth/Desktop/intermodel/intermodel/xbeach/xbeach_src/config/missing'\'' makeinfo'
MANIFEST_TOOL=':'
MKDIR_P='/usr/bin/mkdir -p'
MPIFC=''
MPILIBS=''
NETCDF_CFLAGS='-I/home/elizabeth/Downloads/netcdf-fortran-4.6.0/fortran -I/home/elizabeth/Downloads/netcdf-c-4.9.0/include'
NETCDF_FORTRAN_CFLAGS=''
NETCDF_FORTRAN_LIBS=''
NETCDF_LIBS='-L/home/elizabeth/Downloads/netcdf-fortran-4.6.0/fortran -L/home/elizabeth/Downloads/netcdf-c-4.9.0'
NM='/usr/bin/nm -B'
NMEDIT=''
OBJDUMP='objdump'
OBJEXT='o'
OTOOL64=''
OTOOL=''
PACKAGE='xbeach'
PACKAGE_BUGREPORT='d.roelvink@unesco-ihe.org'
PACKAGE_NAME='xbeach'
PACKAGE_STRING='xbeach v18'
PACKAGE_TARNAME='xbeach'
PACKAGE_URL=''
PACKAGE_VERSION='v18'
PATH_SEPARATOR=':'
PKG_CONFIG='/usr/bin/pkg-config'
PKG_CONFIG_LIBDIR=''
PKG_CONFIG_PATH=''
RANLIB='ranlib'
SED='/usr/bin/sed'
SET_MAKE=''
SHELL='/bin/bash'
STRIP='strip'
USEMPI_FALSE=''
USEMPI_TRUE='#'
USENETCDF_FALSE=''
USENETCDF_TRUE='#'
VERSION='v18'
ac_ct_AR='ar'
ac_ct_CC='/usr/bin/gcc-6'
ac_ct_DUMPBIN=''
ac_ct_FC=''
am__EXEEXT_FALSE=''
am__EXEEXT_TRUE='#'
am__fastdepCC_FALSE=''
am__fastdepCC_TRUE='#'
am__include='include'
am__isrc=''
am__leading_dot='.'
am__nodep='_no'
am__quote=''
am__tar='$${TAR-tar} chof - "$$tardir"'
am__untar='$${TAR-tar} xf -'
bindir='${exec_prefix}/bin'
build='x86_64-pc-linux-gnu'
build_alias=''
build_cpu='x86_64'
build_os='linux-gnu'
build_vendor='pc'
datadir='${datarootdir}'
datarootdir='${prefix}/share'
deps='deps'
docdir='${datarootdir}/doc/${PACKAGE_TARNAME}'
dvidir='${docdir}'
exec_prefix='${prefix}'
host='x86_64-pc-linux-gnu'
host_alias=''
host_cpu='x86_64'
host_os='linux-gnu'
host_vendor='pc'
htmldir='${docdir}'
includedir='${prefix}/include'
infodir='${datarootdir}/info'
install_sh='${SHELL} /home/elizabeth/Desktop/intermodel/intermodel/xbeach/xbeach_src/config/install-sh'
libdir='${exec_prefix}/lib'
libexecdir='${exec_prefix}/libexec'
localedir='${datarootdir}/locale'
localstatedir='${prefix}/var'
mandir='${datarootdir}/man'
mkdir_p='$(MKDIR_P)'
oldincludedir='/usr/include'
pdfdir='${docdir}'
prefix='/home/elizabeth/Desktop/intermodel/intermodel/xbeach/xbeach_src'
program_transform_name='s,x,x,'
psdir='${docdir}'
runstatedir='${localstatedir}/run'
sbindir='${exec_prefix}/sbin'
sharedstatedir='${prefix}/com'
sysconfdir='${prefix}/etc'
target_alias=''

## ----------- ##
## confdefs.h. ##
## ----------- ##

/* confdefs.h */
#define PACKAGE_NAME "xbeach"
#define PACKAGE_TARNAME "xbeach"
#define PACKAGE_VERSION "v18"
#define PACKAGE_STRING "xbeach v18"
#define PACKAGE_BUGREPORT "d.roelvink@unesco-ihe.org"
#define PACKAGE_URL ""
#define HAVE_STDIO_H 1
#define HAVE_STDLIB_H 1
#define HAVE_STRING_H 1
#define HAVE_INTTYPES_H 1
#define HAVE_STDINT_H 1
#define HAVE_STRINGS_H 1
#define HAVE_SYS_STAT_H 1
#define HAVE_SYS_TYPES_H 1
#define HAVE_UNISTD_H 1
#define STDC_HEADERS 1
#define HAVE_DLFCN_H 1
#define LT_OBJDIR ".libs/"
#define PACKAGE "xbeach"
#define VERSION "v18"
#define HAVE_FORTRAN_ISNAN 1
#define HAVE_FORTRAN_IEEE_ARITHMETIC 1

configure: exit 0
